\BOOKMARK [-1][-]{chapter*.1}{\376\377\004\043\004\024\004\030\004\040\004\042\004\023\004\020\004\033}{}% 1
\BOOKMARK [0][-]{chapter.1}{\376\377\004\042\004\351\004\073\004\351\004\062\004\073\004\351\004\063\004\351\004\351}{chapter*.1}% 2
\BOOKMARK [0][-]{chapter.2}{\376\377\004\021\004\060\004\071\004\063\004\103\004\103\004\073\004\073\004\060\004\063\004\113\004\075\000\040\004\102\004\103\004\105\004\060\004\071}{chapter*.1}% 3
\BOOKMARK [1][-]{section.2.1}{\376\377\004\032\004\076\004\074\004\077\004\060\004\075\004\070\004\071\000\040\004\102\004\103\004\105\004\060\004\071}{chapter.2}% 4
\BOOKMARK [1][-]{section.2.2}{\376\377\004\256\004\071\004\073\000\040\004\060\004\066\004\070\004\073\004\073\004\060\004\063\004\060\004\060}{chapter.2}% 5
\BOOKMARK [1][-]{section.2.3}{\376\377\004\042\004\065\004\105\004\075\004\076\004\073\004\076\004\063\004\070\004\103\004\064\000\040\004\061\004\076\004\073\004\076\004\075\000\040\004\101\004\070\004\101\004\102\004\065\004\074\004\257\004\257\004\064}{chapter.2}% 6
\BOOKMARK [0][-]{chapter.3}{\376\377\000H\000o\000o\000m\000e\000\040\004\102\004\351\004\101\004\351\004\073}{chapter*.1}% 7
\BOOKMARK [1][-]{section.3.1}{\376\377\004\045\004\076\004\102\004\105\004\076\004\075}{chapter.3}% 8
\BOOKMARK [1][-]{section.3.2}{\376\377\004\032\004\076\004\075\004\102\004\076\004\100}{chapter.3}% 9
\BOOKMARK [1][-]{section.3.3}{\376\377\004\034\004\076\004\061\004\060\004\071\004\073\000\040\004\060\004\077\004\077\004\073\004\070\004\072\004\065\004\071\004\110\004\075}{chapter.3}% 10
\BOOKMARK [0][-]{chapter.4}{\376\377\004\042\004\065\004\105\004\075\004\076\004\073\004\076\004\063\004\070\004\071\004\075\000\040\004\101\004\103\004\064\004\060\004\073\004\063\004\060\004\060}{chapter*.1}% 11
\BOOKMARK [1][-]{section.4.1}{\376\377\000F\000l\000u\000t\000t\000e\000r\000\040\000-\000\040\000B\000L\000o\000C}{chapter.4}% 12
\BOOKMARK [1][-]{section.4.2}{\376\377\000S\000p\000r\000i\000n\000g\000\040\000b\000o\000o\000t\000\040\000-\000\040\000J\000H\000i\000p\000s\000t\000e\000r}{chapter.4}% 13
\BOOKMARK [0][-]{chapter.5}{\376\377\004\020\004\101\004\103\004\103\004\064\004\060\004\073\000\040\004\061\004\060\000\040\004\110\004\070\004\071\004\064\004\115\004\073}{chapter*.1}% 14
\BOOKMARK [1][-]{section.5.1}{\376\377\004\020\004\064\004\074\004\070\004\075\000\040\000d\000a\000s\000h\000b\000o\000a\000r\000d}{chapter.5}% 15
\BOOKMARK [1][-]{section.5.2}{\376\377\000R\000e\000t\000r\000y\000\040\004\101\004\102\004\100\004\060\004\102\004\065\004\063\004\070}{chapter.5}% 16
\BOOKMARK [0][-]{chapter.6}{\376\377\004\043\004\100\004\060\004\074\004\110\004\103\004\103\004\073\004\073\004\113\004\075\000\040\004\101\004\070\004\101\004\102\004\065\004\074}{chapter*.1}% 17
\BOOKMARK [0][-]{chapter.7}{\376\377\004\030\004\110\004\073\004\115\004\073\000,\000\040\004\067\004\257\004\257\004\073\004\102}{chapter*.1}% 18
\BOOKMARK [1][-]{section.7.1}{\376\377\004\030\004\110\004\073\004\115\004\073}{chapter.7}% 19
\BOOKMARK [1][-]{section.7.2}{\376\377\004\027\004\257\004\257\004\073\004\102}{chapter.7}% 20
\BOOKMARK [0][-]{chapter.8}{\376\377\004\027\004\103\004\100\004\060\004\063}{chapter*.1}% 21
\BOOKMARK [1][-]{section.8.1}{\376\377\004\027\004\103\004\100\004\063\004\070\004\071\004\075\000\040\004\105\004\115\004\074\004\066\004\115\004\115\000\040\004\351\004\351\004\100\004\107\004\073\004\351\004\105}{chapter.8}% 22
\BOOKMARK [1][-]{section.8.2}{\376\377\004\027\004\103\004\100\004\060\004\063\000\040\004\115\004\100\004\063\004\257\004\257\004\073\004\115\004\105}{chapter.8}% 23
\BOOKMARK [1][-]{section.8.3}{\376\377\004\027\004\103\004\100\004\063\004\070\004\071\004\075\000\040\004\075\004\115\004\100}{chapter.8}% 24
\BOOKMARK [1][-]{section.8.4}{\376\377\004\027\004\103\004\100\004\060\004\063\000\040\004\063\004\076\004\073\004\073\004\103\004\103\004\073\004\060\004\105}{chapter.8}% 25
\BOOKMARK [1][-]{section.8.5}{\376\377\004\027\004\103\004\100\004\063\004\070\004\071\004\075\000\040\004\107\004\060\004\075\004\060\004\100}{chapter.8}% 26
\BOOKMARK [0][-]{chapter.9}{\376\377\004\045\004\257\004\101\004\075\004\115\004\063\004\102\000\040\004\076\004\100\004\103\004\103\004\073\004\060\004\105}{chapter*.1}% 27
\BOOKMARK [1][-]{section.9.1}{\376\377\004\045\004\257\004\101\004\075\004\115\004\063\004\102\000\040\004\067\004\103\004\100\004\060\004\105\000\040\004\105\004\115\004\100\004\115\004\063\004\101\004\115\004\073}{chapter.9}% 28
\BOOKMARK [0][-]{chapter.10}{\376\377\004\032\004\076\004\064\000\040\004\061\004\060\000\040\004\060\004\073\004\063\004\076\004\100\004\070\004\102\004\074\000\040\004\076\004\100\004\103\004\103\004\073\004\060\004\105}{chapter*.1}% 29
\BOOKMARK [-1][-]{algorithm.1}{\376\377\004\024\004\257\004\063\004\075\004\115\004\073\004\102}{}% 30
\BOOKMARK [-1][-]{algorithm.1}{\376\377\004\035\004\036\004\034\000\040\004\027\004\256\004\031}{}% 31
\BOOKMARK [-1][-]{chapter*.10}{\376\377\004\045\004\020\004\022\004\041\004\040\004\020\004\033\004\042}{}% 32
\BOOKMARK [0][-]{appendix.A}{\376\377\004\050\004\070\004\075\004\066\004\070\004\073\004\063\004\115\004\115\000\040\004\067\004\076\004\105\004\070\004\076\004\074\004\066}{chapter*.10}% 33
\BOOKMARK [0][-]{appendix.B}{\376\377\004\032\004\076\004\064\004\113\004\075\000\040\004\105\004\115\004\100\004\115\004\063\004\066\004\257\004\257\004\073\004\115\004\073\004\102}{chapter*.10}% 34
